<?xml version="1.0" encoding="UTF-8"?>
<!-- Generated by org.testng.reporters.JUnitXMLReporter -->
<testsuite ignored="1" hostname="Rameshs-MacBook-Air.local" failures="0" tests="1" name="Default test" time="18.837" errors="0" timestamp="2025-03-06T21:33:43 EST">
  <testcase classname="RameshSwarnkarAutomation.TestCases.ErrorValidationsTest" name="loginErrorValidations" time="1.72"/>
  <testcase classname="RameshSwarnkarAutomation.TestCases.ErrorValidationsTest" name="secondErrorValidation" time="0.0">
    <ignored/>
  </testcase> <!-- secondErrorValidation -->
</testsuite> <!-- Default test -->
