<?xml version="1.0" encoding="UTF-8"?>
<!-- Generated by org.testng.reporters.JUnitXMLReporter -->
<testsuite ignored="2" hostname="Rameshs-MacBook-Air.local" failures="0" tests="0" time="0.011" errors="0" timestamp="2025-03-06T21:38:00 EST">
  <testcase classname="RameshSwarnkarAutomation.TestCases.WithFrameworkTest" name="E2EHappyFlow" time="0.0">
    <ignored/>
  </testcase> <!-- E2EHappyFlow -->
  <testcase classname="RameshSwarnkarAutomation.TestCases.WithFrameworkTest" name="LoginAndLogOutFlow" time="0.0">
    <ignored/>
  </testcase> <!-- LoginAndLogOutFlow -->
</testsuite>
