<?xml version="1.0" encoding="UTF-8"?>
<!-- Generated by org.testng.reporters.JUnitXMLReporter -->
<testsuite ignored="0" hostname="Rameshs-MacBook-Air.local" failures="0" tests="5" name="Test" time="102.125" errors="0" timestamp="2025-03-06T21:47:56 EST">
  <testcase classname="RameshSwarnkarAutomation.TestCases.WithFrameworkTest" name="E2EHappyFlow" time="17.137"/>
  <testcase classname="RameshSwarnkarAutomation.TestCases.WithFrameworkTest" name="LoginAndLogOutFlow" time="1.445"/>
  <testcase classname="RameshSwarnkarAutomation.TestCases.WithFrameworkTest" name="LoginAndLogOutFlow" time="6.003"/>
  <testcase classname="RameshSwarnkarAutomation.TestCases.ErrorValidationsTest" name="loginErrorValidations" time="1.969"/>
  <testcase classname="RameshSwarnkarAutomation.TestCases.ErrorValidationsTest" name="secondErrorValidation" time="0.001"/>
</testsuite> <!-- Test -->
