<?xml version="1.0" encoding="UTF-8"?>
<testng-results ignored="0" total="5" passed="5" failed="0" skipped="0">
  <reporter-output>
  </reporter-output>
  <suite started-at="2025-03-06T21:46:13 EST" name="Suite" finished-at="2025-03-06T21:47:55 EST" duration-ms="102125">
    <groups>
      <group name="Error handling">
        <method signature="ErrorValidationsTest.loginErrorValidations()[pri:0, instance:RameshSwarnkarAutomation.TestCases.ErrorValidationsTest@660acfb]" name="loginErrorValidations" class="RameshSwarnkarAutomation.TestCases.ErrorValidationsTest"/>
      </group> <!-- Error handling -->
    </groups>
    <test started-at="2025-03-06T21:46:13 EST" name="Test" finished-at="2025-03-06T21:47:55 EST" duration-ms="102125">
      <class name="RameshSwarnkarAutomation.TestCases.ErrorValidationsTest">
        <test-method is-config="true" signature="launchApplication()[pri:0, instance:RameshSwarnkarAutomation.TestCases.ErrorValidationsTest@660acfb]" started-at="2025-03-06T21:47:29 EST" name="launchApplication" finished-at="2025-03-06T21:47:40 EST" duration-ms="10861" status="PASS">
          <reporter-output>
          </reporter-output>
        </test-method> <!-- launchApplication -->
        <test-method signature="loginErrorValidations()[pri:0, instance:RameshSwarnkarAutomation.TestCases.ErrorValidationsTest@660acfb]" started-at="2025-03-06T21:47:40 EST" name="loginErrorValidations" finished-at="2025-03-06T21:47:42 EST" duration-ms="1969" status="PASS">
          <reporter-output>
          </reporter-output>
        </test-method> <!-- loginErrorValidations -->
        <test-method is-config="true" signature="tearDown()[pri:0, instance:RameshSwarnkarAutomation.TestCases.ErrorValidationsTest@660acfb]" started-at="2025-03-06T21:47:43 EST" name="tearDown" finished-at="2025-03-06T21:47:44 EST" duration-ms="1445" status="PASS">
          <reporter-output>
          </reporter-output>
        </test-method> <!-- tearDown -->
        <test-method is-config="true" signature="launchApplication()[pri:0, instance:RameshSwarnkarAutomation.TestCases.ErrorValidationsTest@660acfb]" started-at="2025-03-06T21:47:44 EST" name="launchApplication" finished-at="2025-03-06T21:47:53 EST" duration-ms="8836" status="PASS">
          <reporter-output>
          </reporter-output>
        </test-method> <!-- launchApplication -->
        <test-method signature="secondErrorValidation()[pri:0, instance:RameshSwarnkarAutomation.TestCases.ErrorValidationsTest@660acfb]" started-at="2025-03-06T21:47:53 EST" name="secondErrorValidation" finished-at="2025-03-06T21:47:53 EST" duration-ms="1" status="PASS">
          <reporter-output>
          </reporter-output>
        </test-method> <!-- secondErrorValidation -->
        <test-method is-config="true" signature="tearDown()[pri:0, instance:RameshSwarnkarAutomation.TestCases.ErrorValidationsTest@660acfb]" started-at="2025-03-06T21:47:54 EST" name="tearDown" finished-at="2025-03-06T21:47:55 EST" duration-ms="1326" status="PASS">
          <reporter-output>
          </reporter-output>
        </test-method> <!-- tearDown -->
      </class> <!-- RameshSwarnkarAutomation.TestCases.ErrorValidationsTest -->
      <class name="RameshSwarnkarAutomation.TestCases.WithFrameworkTest">
        <test-method is-config="true" signature="launchApplication()[pri:0, instance:RameshSwarnkarAutomation.TestCases.WithFrameworkTest@1500b2f3]" started-at="2025-03-06T21:46:13 EST" name="launchApplication" finished-at="2025-03-06T21:46:34 EST" duration-ms="21501" status="PASS">
          <reporter-output>
          </reporter-output>
        </test-method> <!-- launchApplication -->
        <test-method signature="E2EHappyFlow()[pri:0, instance:RameshSwarnkarAutomation.TestCases.WithFrameworkTest@1500b2f3]" started-at="2025-03-06T21:46:34 EST" name="E2EHappyFlow" finished-at="2025-03-06T21:46:51 EST" duration-ms="17137" status="PASS">
          <reporter-output>
          </reporter-output>
        </test-method> <!-- E2EHappyFlow -->
        <test-method is-config="true" signature="tearDown()[pri:0, instance:RameshSwarnkarAutomation.TestCases.WithFrameworkTest@1500b2f3]" started-at="2025-03-06T21:46:52 EST" name="tearDown" finished-at="2025-03-06T21:46:54 EST" duration-ms="1487" status="PASS">
          <reporter-output>
          </reporter-output>
        </test-method> <!-- tearDown -->
        <test-method is-config="true" signature="launchApplication()[pri:0, instance:RameshSwarnkarAutomation.TestCases.WithFrameworkTest@1500b2f3]" started-at="2025-03-06T21:46:54 EST" name="launchApplication" finished-at="2025-03-06T21:47:13 EST" duration-ms="19507" status="PASS">
          <reporter-output>
          </reporter-output>
        </test-method> <!-- launchApplication -->
        <test-method signature="LoginAndLogOutFlow(java.util.HashMap)[pri:0, instance:RameshSwarnkarAutomation.TestCases.WithFrameworkTest@1500b2f3]" started-at="2025-03-06T21:47:13 EST" name="LoginAndLogOutFlow" data-provider="getData" finished-at="2025-03-06T21:47:14 EST" duration-ms="1445" status="PASS">
          <params>
            <param index="0">
              <value>
                <![CDATA[{userName=ramesh.swarnkar@gmail.com, Password=Password1}]]>
              </value>
            </param>
          </params>
          <reporter-output>
          </reporter-output>
        </test-method> <!-- LoginAndLogOutFlow -->
        <test-method is-config="true" signature="tearDown()[pri:0, instance:RameshSwarnkarAutomation.TestCases.WithFrameworkTest@1500b2f3]" started-at="2025-03-06T21:47:15 EST" name="tearDown" finished-at="2025-03-06T21:47:16 EST" duration-ms="1337" status="PASS">
          <reporter-output>
          </reporter-output>
        </test-method> <!-- tearDown -->
        <test-method is-config="true" signature="launchApplication()[pri:0, instance:RameshSwarnkarAutomation.TestCases.WithFrameworkTest@1500b2f3]" started-at="2025-03-06T21:47:16 EST" name="launchApplication" finished-at="2025-03-06T21:47:21 EST" duration-ms="4839" status="PASS">
          <reporter-output>
          </reporter-output>
        </test-method> <!-- launchApplication -->
        <test-method signature="LoginAndLogOutFlow(java.util.HashMap)[pri:0, instance:RameshSwarnkarAutomation.TestCases.WithFrameworkTest@1500b2f3]" started-at="2025-03-06T21:47:21 EST" name="LoginAndLogOutFlow" data-provider="getData" finished-at="2025-03-06T21:47:27 EST" duration-ms="6003" status="PASS">
          <params>
            <param index="0">
              <value>
                <![CDATA[{userName=fisrt.last@gmail.com, Password=Password1}]]>
              </value>
            </param>
          </params>
          <reporter-output>
          </reporter-output>
        </test-method> <!-- LoginAndLogOutFlow -->
        <test-method is-config="true" signature="tearDown()[pri:0, instance:RameshSwarnkarAutomation.TestCases.WithFrameworkTest@1500b2f3]" started-at="2025-03-06T21:47:28 EST" name="tearDown" finished-at="2025-03-06T21:47:29 EST" duration-ms="1306" status="PASS">
          <reporter-output>
          </reporter-output>
        </test-method> <!-- tearDown -->
      </class> <!-- RameshSwarnkarAutomation.TestCases.WithFrameworkTest -->
    </test> <!-- Test -->
  </suite> <!-- Suite -->
</testng-results>
