<?xml version="1.0" encoding="UTF-8"?>
<testng-results ignored="3" total="4" passed="1" failed="0" skipped="0">
  <reporter-output>
  </reporter-output>
  <suite started-at="2025-03-06T21:34:48 EST" name="Suite" finished-at="2025-03-06T21:35:01 EST" duration-ms="13514">
    <groups>
      <group name="Error handling">
        <method signature="ErrorValidationsTest.loginErrorValidations()[pri:0, instance:RameshSwarnkarAutomation.TestCases.ErrorValidationsTest@43599640]" name="loginErrorValidations" class="RameshSwarnkarAutomation.TestCases.ErrorValidationsTest"/>
      </group> <!-- Error handling -->
    </groups>
    <test started-at="2025-03-06T21:34:48 EST" name="E2EFunctinalValidation" finished-at="2025-03-06T21:34:48 EST" duration-ms="20">
    </test> <!-- E2EFunctinalValidation -->
    <test started-at="2025-03-06T21:34:48 EST" name="ErrorValidations" finished-at="2025-03-06T21:35:01 EST" duration-ms="12896">
      <class name="RameshSwarnkarAutomation.TestCases.ErrorValidationsTest">
        <test-method is-config="true" signature="launchApplication()[pri:0, instance:RameshSwarnkarAutomation.TestCases.ErrorValidationsTest@43599640]" started-at="2025-03-06T21:34:48 EST" name="launchApplication" finished-at="2025-03-06T21:34:58 EST" duration-ms="9988" status="PASS">
          <reporter-output>
          </reporter-output>
        </test-method> <!-- launchApplication -->
        <test-method signature="loginErrorValidations()[pri:0, instance:RameshSwarnkarAutomation.TestCases.ErrorValidationsTest@43599640]" started-at="2025-03-06T21:34:58 EST" name="loginErrorValidations" finished-at="2025-03-06T21:35:01 EST" duration-ms="2030" status="PASS">
          <reporter-output>
          </reporter-output>
        </test-method> <!-- loginErrorValidations -->
        <test-method is-config="true" signature="tearDown()[pri:0, instance:RameshSwarnkarAutomation.TestCases.ErrorValidationsTest@43599640]" started-at="2025-03-06T21:35:01 EST" name="tearDown" finished-at="2025-03-06T21:35:01 EST" duration-ms="269" status="PASS">
          <reporter-output>
          </reporter-output>
        </test-method> <!-- tearDown -->
      </class> <!-- RameshSwarnkarAutomation.TestCases.ErrorValidationsTest -->
    </test> <!-- ErrorValidations -->
  </suite> <!-- Suite -->
</testng-results>
